<?xml version="1.0" encoding="UTF-8"?>
<robot generator="Robot 6.0.1 (Python 3.8.10 on linux)" generated="20221205 21:16:13.700" rpa="false" schemaversion="3">
<suite id="s1" name="Robot" source="/home/korkella/projektit/Ohtu_2022/tests/robot">
<suite id="s1-s1" name="Reference Controller" source="/home/korkella/projektit/Ohtu_2022/tests/robot/reference_controller.robot">
<kw name="Open And Configure Browser" library="resource" type="SETUP">
<kw name="Open Browser" library="SeleniumLibrary">
<arg>browser=${BROWSER}</arg>
<doc>Opens a new browser instance to the optional ``url``.</doc>
<msg timestamp="20221205 21:16:14.028" level="INFO">Opening browser 'chrome' to base url 'None'.</msg>
<status status="PASS" starttime="20221205 21:16:14.028" endtime="20221205 21:16:14.891"/>
</kw>
<kw name="Maximize Browser Window" library="SeleniumLibrary">
<doc>Maximizes current browser window.</doc>
<status status="PASS" starttime="20221205 21:16:14.892" endtime="20221205 21:16:15.025"/>
</kw>
<kw name="Set Selenium Speed" library="SeleniumLibrary">
<arg>${DELAY}</arg>
<doc>Sets the delay that is waited after each Selenium command.</doc>
<status status="PASS" starttime="20221205 21:16:15.026" endtime="20221205 21:16:15.027"/>
</kw>
<status status="PASS" starttime="20221205 21:16:14.028" endtime="20221205 21:16:15.028"/>
</kw>
<test id="s1-s1-t1" name="Save Book Reference" line="8">
<kw name="Go To Main Page" library="resource" type="SETUP">
<kw name="Go To" library="SeleniumLibrary">
<arg>${HOME URL}</arg>
<doc>Navigates the current browser window to the provided ``url``.</doc>
<msg timestamp="20221205 21:16:15.034" level="INFO">Opening url 'http://localhost:5000'</msg>
<msg timestamp="20221205 21:16:15.581" level="INFO" html="true">&lt;/td&gt;&lt;/tr&gt;&lt;tr&gt;&lt;td colspan="3"&gt;&lt;a href="selenium-screenshot-3.png"&gt;&lt;img src="selenium-screenshot-3.png" width="800px"&gt;&lt;/a&gt;</msg>
<msg timestamp="20221205 21:16:15.581" level="FAIL">WebDriverException: Message: unknown error: net::ERR_CONNECTION_REFUSED
  (Session info: chrome=108.0.5359.94)
Stacktrace:
#0 0x5565bcb062a3 &lt;unknown&gt;
#1 0x5565bc8c4f77 &lt;unknown&gt;
#2 0x5565bc8bce35 &lt;unknown&gt;
#3 0x5565bc8aff27 &lt;unknown&gt;
#4 0x5565bc8b12d9 &lt;unknown&gt;
#5 0x5565bc8b029e &lt;unknown&gt;
#6 0x5565bc8af3d2 &lt;unknown&gt;
#7 0x5565bc8af225 &lt;unknown&gt;
#8 0x5565bc8addc6 &lt;unknown&gt;
#9 0x5565bc8ae244 &lt;unknown&gt;
#10 0x5565bc8c6e88 &lt;unknown&gt;
#11 0x5565bc939b05 &lt;unknown&gt;
#12 0x5565bc921b32 &lt;unknown&gt;
#13 0x5565bc93947c &lt;unknown&gt;
#14 0x5565bc921903 &lt;unknown&gt;
#15 0x5565bc8f4ece &lt;unknown&gt;
#16 0x5565bc8f5fde &lt;unknown&gt;
#17 0x5565bcb5663e &lt;unknown&gt;
#18 0x5565bcb59b79 &lt;unknown&gt;
#19 0x5565bcb3c89e &lt;unknown&gt;
#20 0x5565bcb5aa83 &lt;unknown&gt;
#21 0x5565bcb2f505 &lt;unknown&gt;
#22 0x5565bcb7bca8 &lt;unknown&gt;
#23 0x5565bcb7be36 &lt;unknown&gt;
#24 0x5565bcb97333 &lt;unknown&gt;
#25 0x7fe32dc14609 start_thread
</msg>
<status status="FAIL" starttime="20221205 21:16:15.033" endtime="20221205 21:16:15.584"/>
</kw>
<status status="FAIL" starttime="20221205 21:16:15.032" endtime="20221205 21:16:15.585"/>
</kw>
<status status="FAIL" starttime="20221205 21:16:15.028" endtime="20221205 21:16:15.586">Setup failed:
WebDriverException: Message: unknown error: net::ERR_CONNECTION_REFUSED
  (Session info: chrome=108.0.5359.94)
Stacktrace:
#0 0x5565bcb062a3 &lt;unknown&gt;
#1 0x5565bc8c4f77 &lt;unknown&gt;
#2 0x5565bc8bce35 &lt;unknown&gt;
#3 0x5565bc8aff27 &lt;unknown&gt;
#4 0x5565bc8b12d9 &lt;unknown&gt;
#5 0x5565bc8b029e &lt;unknown&gt;
#6 0x5565bc8af3d2 &lt;unknown&gt;
#7 0x5565bc8af225 &lt;unknown&gt;
#8 0x5565bc8addc6 &lt;unknown&gt;
#9 0x5565bc8ae244 &lt;unknown&gt;
#10 0x5565bc8c6e88 &lt;unknown&gt;
#11 0x5565bc939b05 &lt;unknown&gt;
#12 0x5565bc921b32 &lt;unknown&gt;
#13 0x5565bc93947c &lt;unknown&gt;
#14 0x5565bc921903 &lt;unknown&gt;
#15 0x5565bc8f4ece &lt;unknown&gt;
#16 0x5565bc8f5fde &lt;unknown&gt;
#17 0x5565bcb5663e &lt;unknown&gt;
#18 0x5565bcb59b79 &lt;unknown&gt;
#19 0x5565bcb3c89e &lt;unknown&gt;
#20 0x5565bcb5aa83 &lt;unknown&gt;
#21 0x5565bcb2f505 &lt;unknown&gt;
#22 0x5565bcb7bca8 &lt;unknown&gt;
#23 0x5565bcb7be36 &lt;unknown&gt;
#24 0x5565bcb97333 &lt;unknown&gt;
#25 0x7fe32dc14609 start_thread
</status>
</test>
<kw name="Close Browser" library="SeleniumLibrary" type="TEARDOWN">
<doc>Closes the current browser.</doc>
<status status="PASS" starttime="20221205 21:16:15.589" endtime="20221205 21:16:15.850"/>
</kw>
<status status="FAIL" starttime="20221205 21:16:13.717" endtime="20221205 21:16:15.850"/>
</suite>
<status status="FAIL" starttime="20221205 21:16:13.701" endtime="20221205 21:16:15.853"/>
</suite>
<statistics>
<total>
<stat pass="0" fail="1" skip="0">All Tests</stat>
</total>
<tag>
</tag>
<suite>
<stat pass="0" fail="1" skip="0" id="s1" name="Robot">Robot</stat>
<stat pass="0" fail="1" skip="0" id="s1-s1" name="Reference Controller">Robot.Reference Controller</stat>
</suite>
</statistics>
<errors>
</errors>
</robot>
